<?xml version="1.0" encoding="UTF-8"?>
<coverage generated="1756755536878" clover="3.2.0">
  <project timestamp="1756755536878" name="All files">
    <metrics statements="67" coveredstatements="31" conditionals="3" coveredconditionals="0" methods="12" coveredmethods="5" elements="82" coveredelements="36" complexity="0" loc="67" ncloc="67" packages="4" files="10" classes="10"/>
    <package name="src">
      <metrics statements="20" coveredstatements="9" conditionals="2" coveredconditionals="0" methods="4" coveredmethods="3"/>
      <file name="app.controller.ts" path="E:\Agustin Sau\Facultad\CEPIT\2025\Progra\Seg Cuatri\react\JestOlavaEntregable\src\app.controller.ts">
        <metrics statements="6" coveredstatements="6" conditionals="0" coveredconditionals="0" methods="2" coveredmethods="2"/>
        <line num="1" count="1" type="stmt"/>
        <line num="2" count="1" type="stmt"/>
        <line num="5" count="1" type="stmt"/>
        <line num="6" count="1" type="stmt"/>
        <line num="9" count="1" type="stmt"/>
        <line num="10" count="1" type="stmt"/>
      </file>
      <file name="app.module.ts" path="E:\Agustin Sau\Facultad\CEPIT\2025\Progra\Seg Cuatri\react\JestOlavaEntregable\src\app.module.ts">
        <metrics statements="6" coveredstatements="0" conditionals="0" coveredconditionals="0" methods="0" coveredmethods="0"/>
        <line num="2" count="0" type="stmt"/>
        <line num="3" count="0" type="stmt"/>
        <line num="4" count="0" type="stmt"/>
        <line num="5" count="0" type="stmt"/>
        <line num="6" count="0" type="stmt"/>
        <line num="26" count="0" type="stmt"/>
      </file>
      <file name="app.service.ts" path="E:\Agustin Sau\Facultad\CEPIT\2025\Progra\Seg Cuatri\react\JestOlavaEntregable\src\app.service.ts">
        <metrics statements="3" coveredstatements="3" conditionals="0" coveredconditionals="0" methods="1" coveredmethods="1"/>
        <line num="1" count="1" type="stmt"/>
        <line num="4" count="1" type="stmt"/>
        <line num="6" count="1" type="stmt"/>
      </file>
      <file name="main.ts" path="E:\Agustin Sau\Facultad\CEPIT\2025\Progra\Seg Cuatri\react\JestOlavaEntregable\src\main.ts">
        <metrics statements="5" coveredstatements="0" conditionals="2" coveredconditionals="0" methods="1" coveredmethods="0"/>
        <line num="1" count="0" type="stmt"/>
        <line num="2" count="0" type="stmt"/>
        <line num="5" count="0" type="stmt"/>
        <line num="6" count="0" type="cond" truecount="0" falsecount="2"/>
        <line num="8" count="0" type="stmt"/>
      </file>
    </package>
    <package name="src.notebooks">
      <metrics statements="35" coveredstatements="13" conditionals="1" coveredconditionals="0" methods="8" coveredmethods="2"/>
      <file name="notebooks.controller.ts" path="E:\Agustin Sau\Facultad\CEPIT\2025\Progra\Seg Cuatri\react\JestOlavaEntregable\src\notebooks\notebooks.controller.ts">
        <metrics statements="16" coveredstatements="7" conditionals="0" coveredconditionals="0" methods="4" coveredmethods="1"/>
        <line num="2" count="1" type="stmt"/>
        <line num="10" count="1" type="stmt"/>
        <line num="11" count="1" type="stmt"/>
        <line num="15" count="1" type="stmt"/>
        <line num="16" count="1" type="stmt"/>
        <line num="19" count="1" type="stmt"/>
        <line num="20" count="0" type="stmt"/>
        <line num="21" count="0" type="stmt"/>
        <line num="23" count="0" type="stmt"/>
        <line num="31" count="0" type="stmt"/>
        <line num="32" count="0" type="stmt"/>
        <line num="34" count="0" type="stmt"/>
        <line num="42" count="1" type="stmt"/>
        <line num="43" count="0" type="stmt"/>
        <line num="44" count="0" type="stmt"/>
        <line num="46" count="0" type="stmt"/>
      </file>
      <file name="notebooks.module.ts" path="E:\Agustin Sau\Facultad\CEPIT\2025\Progra\Seg Cuatri\react\JestOlavaEntregable\src\notebooks\notebooks.module.ts">
        <metrics statements="6" coveredstatements="0" conditionals="0" coveredconditionals="0" methods="0" coveredmethods="0"/>
        <line num="2" count="0" type="stmt"/>
        <line num="3" count="0" type="stmt"/>
        <line num="4" count="0" type="stmt"/>
        <line num="5" count="0" type="stmt"/>
        <line num="6" count="0" type="stmt"/>
        <line num="13" count="0" type="stmt"/>
      </file>
      <file name="notebooks.service.ts" path="E:\Agustin Sau\Facultad\CEPIT\2025\Progra\Seg Cuatri\react\JestOlavaEntregable\src\notebooks\notebooks.service.ts">
        <metrics statements="13" coveredstatements="6" conditionals="1" coveredconditionals="0" methods="4" coveredmethods="1"/>
        <line num="2" count="2" type="stmt"/>
        <line num="3" count="2" type="stmt"/>
        <line num="4" count="2" type="stmt"/>
        <line num="5" count="2" type="stmt"/>
        <line num="9" count="2" type="stmt"/>
        <line num="12" count="4" type="stmt"/>
        <line num="16" count="0" type="stmt"/>
        <line num="20" count="0" type="stmt"/>
        <line num="22" count="0" type="cond" truecount="0" falsecount="1"/>
        <line num="23" count="0" type="stmt"/>
        <line num="26" count="0" type="stmt"/>
        <line num="30" count="0" type="stmt"/>
        <line num="31" count="0" type="stmt"/>
      </file>
    </package>
    <package name="src.notebooks.dto">
      <metrics statements="7" coveredstatements="4" conditionals="0" coveredconditionals="0" methods="0" coveredmethods="0"/>
      <file name="create-notebook.dto.ts" path="E:\Agustin Sau\Facultad\CEPIT\2025\Progra\Seg Cuatri\react\JestOlavaEntregable\src\notebooks\dto\create-notebook.dto.ts">
        <metrics statements="4" coveredstatements="4" conditionals="0" coveredconditionals="0" methods="0" coveredmethods="0"/>
        <line num="2" count="1" type="stmt"/>
        <line num="4" count="1" type="stmt"/>
        <line num="7" count="1" type="stmt"/>
        <line num="10" count="1" type="stmt"/>
      </file>
      <file name="update-notebook.dto.ts" path="E:\Agustin Sau\Facultad\CEPIT\2025\Progra\Seg Cuatri\react\JestOlavaEntregable\src\notebooks\dto\update-notebook.dto.ts">
        <metrics statements="3" coveredstatements="0" conditionals="0" coveredconditionals="0" methods="0" coveredmethods="0"/>
        <line num="1" count="0" type="stmt"/>
        <line num="2" count="0" type="stmt"/>
        <line num="4" count="0" type="stmt"/>
      </file>
    </package>
    <package name="src.notebooks.entities">
      <metrics statements="5" coveredstatements="5" conditionals="0" coveredconditionals="0" methods="0" coveredmethods="0"/>
      <file name="notebook.entity.ts" path="E:\Agustin Sau\Facultad\CEPIT\2025\Progra\Seg Cuatri\react\JestOlavaEntregable\src\notebooks\entities\notebook.entity.ts">
        <metrics statements="5" coveredstatements="5" conditionals="0" coveredconditionals="0" methods="0" coveredmethods="0"/>
        <line num="2" count="2" type="stmt"/>
        <line num="5" count="2" type="stmt"/>
        <line num="7" count="2" type="stmt"/>
        <line num="10" count="2" type="stmt"/>
        <line num="13" count="2" type="stmt"/>
      </file>
    </package>
  </project>
</coverage>
