{"E:\\Agustin Sau\\Facultad\\CEPIT\\2025\\Progra\\Seg Cuatri\\react\\JestOlavaEntregable\\src\\app.controller.ts": {"path":"E:\\Agustin Sau\\Facultad\\CEPIT\\2025\\Progra\\Seg Cuatri\\react\\JestOlavaEntregable\\src\\app.controller.ts","statementMap":{"0":{"start":{"line":1,"column":0},"end":{"line":1,"column":49}},"1":{"start":{"line":2,"column":0},"end":{"line":2,"column":43}},"2":{"start":{"line":5,"column":7},"end":{"line":12,"column":null}},"3":{"start":{"line":6,"column":31},"end":{"line":6,"column":43}},"4":{"start":{"line":10,"column":4},"end":{"line":10,"column":38}},"5":{"start":{"line":5,"column":13},"end":{"line":5,"column":26}},"6":{"start":{"line":9,"column":2},"end":{"line":11,"column":null}},"7":{"start":{"line":5,"column":13},"end":{"line":12,"column":null}}},"fnMap":{"0":{"name":"(anonymous_2)","decl":{"start":{"line":6,"column":2},"end":{"line":6,"column":31}},"loc":{"start":{"line":6,"column":53},"end":{"line":6,"column":57}}},"1":{"name":"(anonymous_3)","decl":{"start":{"line":9,"column":2},"end":{"line":9,"column":10}},"loc":{"start":{"line":9,"column":10},"end":{"line":11,"column":3}}}},"branchMap":{},"s":{"0":1,"1":1,"2":1,"3":1,"4":1,"5":1,"6":1,"7":1},"f":{"0":1,"1":1},"b":{}}
,"E:\\Agustin Sau\\Facultad\\CEPIT\\2025\\Progra\\Seg Cuatri\\react\\JestOlavaEntregable\\src\\app.module.ts": {"path":"E:\\Agustin Sau\\Facultad\\CEPIT\\2025\\Progra\\Seg Cuatri\\react\\JestOlavaEntregable\\src\\app.module.ts","statementMap":{"0":{"start":{"line":2,"column":0},"end":{"line":2,"column":40}},"1":{"start":{"line":3,"column":0},"end":{"line":3,"column":48}},"2":{"start":{"line":4,"column":0},"end":{"line":4,"column":63}},"3":{"start":{"line":5,"column":0},"end":{"line":5,"column":49}},"4":{"start":{"line":6,"column":0},"end":{"line":6,"column":43}},"5":{"start":{"line":26,"column":7},"end":{"line":26,"column":null}},"6":{"start":{"line":26,"column":13},"end":{"line":26,"column":22}},"7":{"start":{"line":26,"column":13},"end":{"line":26,"column":null}}},"fnMap":{},"branchMap":{},"s":{"0":0,"1":0,"2":0,"3":0,"4":0,"5":0,"6":0,"7":0},"f":{},"b":{}}
,"E:\\Agustin Sau\\Facultad\\CEPIT\\2025\\Progra\\Seg Cuatri\\react\\JestOlavaEntregable\\src\\app.service.ts": {"path":"E:\\Agustin Sau\\Facultad\\CEPIT\\2025\\Progra\\Seg Cuatri\\react\\JestOlavaEntregable\\src\\app.service.ts","statementMap":{"0":{"start":{"line":1,"column":0},"end":{"line":1,"column":44}},"1":{"start":{"line":4,"column":7},"end":{"line":8,"column":null}},"2":{"start":{"line":6,"column":4},"end":{"line":6,"column":26}},"3":{"start":{"line":4,"column":13},"end":{"line":4,"column":23}},"4":{"start":{"line":4,"column":13},"end":{"line":8,"column":null}}},"fnMap":{"0":{"name":"(anonymous_1)","decl":{"start":{"line":5,"column":2},"end":{"line":5,"column":10}},"loc":{"start":{"line":5,"column":10},"end":{"line":7,"column":3}}}},"branchMap":{},"s":{"0":1,"1":1,"2":1,"3":1,"4":1},"f":{"0":1},"b":{}}
,"E:\\Agustin Sau\\Facultad\\CEPIT\\2025\\Progra\\Seg Cuatri\\react\\JestOlavaEntregable\\src\\main.ts": {"path":"E:\\Agustin Sau\\Facultad\\CEPIT\\2025\\Progra\\Seg Cuatri\\react\\JestOlavaEntregable\\src\\main.ts","statementMap":{"0":{"start":{"line":1,"column":0},"end":{"line":1,"column":43}},"1":{"start":{"line":2,"column":0},"end":{"line":2,"column":41}},"2":{"start":{"line":5,"column":14},"end":{"line":5,"column":49}},"3":{"start":{"line":6,"column":2},"end":{"line":6,"column":45}},"4":{"start":{"line":8,"column":0},"end":{"line":8,"column":12}}},"fnMap":{"0":{"name":"bootstrap","decl":{"start":{"line":4,"column":15},"end":{"line":4,"column":24}},"loc":{"start":{"line":4,"column":24},"end":{"line":7,"column":1}}}},"branchMap":{"0":{"loc":{"start":{"line":6,"column":19},"end":{"line":6,"column":43}},"type":"binary-expr","locations":[{"start":{"line":6,"column":19},"end":{"line":6,"column":35}},{"start":{"line":6,"column":39},"end":{"line":6,"column":43}}]}},"s":{"0":0,"1":0,"2":0,"3":0,"4":0},"f":{"0":0},"b":{"0":[0,0]}}
,"E:\\Agustin Sau\\Facultad\\CEPIT\\2025\\Progra\\Seg Cuatri\\react\\JestOlavaEntregable\\src\\notebooks\\notebooks.controller.ts": {"path":"E:\\Agustin Sau\\Facultad\\CEPIT\\2025\\Progra\\Seg Cuatri\\react\\JestOlavaEntregable\\src\\notebooks\\notebooks.controller.ts","statementMap":{"0":{"start":{"line":2,"column":0},"end":{"line":2,"column":null}},"1":{"start":{"line":10,"column":0},"end":{"line":10,"column":55}},"2":{"start":{"line":11,"column":0},"end":{"line":11,"column":62}},"3":{"start":{"line":15,"column":7},"end":{"line":52,"column":null}},"4":{"start":{"line":16,"column":31},"end":{"line":16,"column":49}},"5":{"start":{"line":20,"column":4},"end":{"line":27,"column":5}},"6":{"start":{"line":21,"column":6},"end":{"line":21,"column":51}},"7":{"start":{"line":23,"column":6},"end":{"line":26,"column":8}},"8":{"start":{"line":31,"column":4},"end":{"line":38,"column":5}},"9":{"start":{"line":32,"column":6},"end":{"line":32,"column":57}},"10":{"start":{"line":34,"column":6},"end":{"line":37,"column":8}},"11":{"start":{"line":43,"column":4},"end":{"line":50,"column":5}},"12":{"start":{"line":44,"column":6},"end":{"line":44,"column":67}},"13":{"start":{"line":46,"column":6},"end":{"line":49,"column":8}},"14":{"start":{"line":15,"column":13},"end":{"line":15,"column":32}},"15":{"start":{"line":19,"column":8},"end":{"line":28,"column":null}},"16":{"start":{"line":42,"column":8},"end":{"line":51,"column":null}},"17":{"start":{"line":15,"column":13},"end":{"line":52,"column":null}}},"fnMap":{"0":{"name":"(anonymous_4)","decl":{"start":{"line":16,"column":2},"end":{"line":16,"column":31}},"loc":{"start":{"line":16,"column":65},"end":{"line":16,"column":69}}},"1":{"name":"(anonymous_5)","decl":{"start":{"line":19,"column":2},"end":{"line":19,"column":7}},"loc":{"start":{"line":19,"column":14},"end":{"line":28,"column":3}}},"2":{"name":"(anonymous_6)","decl":{"start":{"line":30,"column":2},"end":{"line":30,"column":7}},"loc":{"start":{"line":30,"column":29},"end":{"line":39,"column":3}}},"3":{"name":"(anonymous_7)","decl":{"start":{"line":42,"column":2},"end":{"line":42,"column":7}},"loc":{"start":{"line":42,"column":59},"end":{"line":51,"column":3}}}},"branchMap":{},"s":{"0":1,"1":1,"2":1,"3":1,"4":1,"5":0,"6":0,"7":0,"8":0,"9":0,"10":0,"11":0,"12":0,"13":0,"14":1,"15":1,"16":1,"17":1},"f":{"0":1,"1":0,"2":0,"3":0},"b":{}}
,"E:\\Agustin Sau\\Facultad\\CEPIT\\2025\\Progra\\Seg Cuatri\\react\\JestOlavaEntregable\\src\\notebooks\\notebooks.module.ts": {"path":"E:\\Agustin Sau\\Facultad\\CEPIT\\2025\\Progra\\Seg Cuatri\\react\\JestOlavaEntregable\\src\\notebooks\\notebooks.module.ts","statementMap":{"0":{"start":{"line":2,"column":0},"end":{"line":2,"column":40}},"1":{"start":{"line":3,"column":0},"end":{"line":3,"column":48}},"2":{"start":{"line":4,"column":0},"end":{"line":4,"column":61}},"3":{"start":{"line":5,"column":0},"end":{"line":5,"column":55}},"4":{"start":{"line":6,"column":0},"end":{"line":6,"column":54}},"5":{"start":{"line":13,"column":7},"end":{"line":13,"column":null}},"6":{"start":{"line":13,"column":13},"end":{"line":13,"column":28}},"7":{"start":{"line":13,"column":13},"end":{"line":13,"column":null}}},"fnMap":{},"branchMap":{},"s":{"0":0,"1":0,"2":0,"3":0,"4":0,"5":0,"6":0,"7":0},"f":{},"b":{}}
,"E:\\Agustin Sau\\Facultad\\CEPIT\\2025\\Progra\\Seg Cuatri\\react\\JestOlavaEntregable\\src\\notebooks\\notebooks.service.ts": {"path":"E:\\Agustin Sau\\Facultad\\CEPIT\\2025\\Progra\\Seg Cuatri\\react\\JestOlavaEntregable\\src\\notebooks\\notebooks.service.ts","statementMap":{"0":{"start":{"line":2,"column":0},"end":{"line":2,"column":63}},"1":{"start":{"line":3,"column":0},"end":{"line":3,"column":51}},"2":{"start":{"line":4,"column":0},"end":{"line":4,"column":37}},"3":{"start":{"line":5,"column":0},"end":{"line":5,"column":54}},"4":{"start":{"line":9,"column":7},"end":{"line":33,"column":null}},"5":{"start":{"line":12,"column":21},"end":{"line":12,"column":35}},"6":{"start":{"line":16,"column":4},"end":{"line":16,"column":36}},"7":{"start":{"line":20,"column":21},"end":{"line":20,"column":71}},"8":{"start":{"line":22,"column":6},"end":{"line":24,"column":7}},"9":{"start":{"line":23,"column":8},"end":{"line":23,"column":75}},"10":{"start":{"line":26,"column":6},"end":{"line":26,"column":22}},"11":{"start":{"line":30,"column":21},"end":{"line":30,"column":50}},"12":{"start":{"line":31,"column":4},"end":{"line":31,"column":44}},"13":{"start":{"line":9,"column":13},"end":{"line":9,"column":29}},"14":{"start":{"line":9,"column":13},"end":{"line":33,"column":null}}},"fnMap":{"0":{"name":"(anonymous_4)","decl":{"start":{"line":10,"column":2},"end":{"line":10,"column":null}},"loc":{"start":{"line":12,"column":55},"end":{"line":13,"column":6}}},"1":{"name":"(anonymous_5)","decl":{"start":{"line":15,"column":2},"end":{"line":15,"column":7}},"loc":{"start":{"line":15,"column":15},"end":{"line":17,"column":3}}},"2":{"name":"(anonymous_6)","decl":{"start":{"line":19,"column":2},"end":{"line":19,"column":7}},"loc":{"start":{"line":19,"column":30},"end":{"line":27,"column":3}}},"3":{"name":"(anonymous_7)","decl":{"start":{"line":29,"column":2},"end":{"line":29,"column":7}},"loc":{"start":{"line":29,"column":37},"end":{"line":32,"column":3}}}},"branchMap":{"0":{"loc":{"start":{"line":22,"column":6},"end":{"line":24,"column":7}},"type":"if","locations":[{"start":{"line":22,"column":6},"end":{"line":24,"column":7}}]}},"s":{"0":2,"1":2,"2":2,"3":2,"4":2,"5":4,"6":0,"7":0,"8":0,"9":0,"10":0,"11":0,"12":0,"13":2,"14":2},"f":{"0":4,"1":0,"2":0,"3":0},"b":{"0":[0]}}
,"E:\\Agustin Sau\\Facultad\\CEPIT\\2025\\Progra\\Seg Cuatri\\react\\JestOlavaEntregable\\src\\notebooks\\dto\\create-notebook.dto.ts": {"path":"E:\\Agustin Sau\\Facultad\\CEPIT\\2025\\Progra\\Seg Cuatri\\react\\JestOlavaEntregable\\src\\notebooks\\dto\\create-notebook.dto.ts","statementMap":{"0":{"start":{"line":2,"column":0},"end":{"line":2,"column":55}},"1":{"start":{"line":4,"column":0},"end":{"line":4,"column":13}},"2":{"start":{"line":7,"column":2},"end":{"line":7,"column":null}},"3":{"start":{"line":10,"column":2},"end":{"line":10,"column":null}}},"fnMap":{},"branchMap":{},"s":{"0":1,"1":1,"2":1,"3":1},"f":{},"b":{}}
,"E:\\Agustin Sau\\Facultad\\CEPIT\\2025\\Progra\\Seg Cuatri\\react\\JestOlavaEntregable\\src\\notebooks\\dto\\update-notebook.dto.ts": {"path":"E:\\Agustin Sau\\Facultad\\CEPIT\\2025\\Progra\\Seg Cuatri\\react\\JestOlavaEntregable\\src\\notebooks\\dto\\update-notebook.dto.ts","statementMap":{"0":{"start":{"line":1,"column":0},"end":{"line":1,"column":51}},"1":{"start":{"line":2,"column":0},"end":{"line":2,"column":58}},"2":{"start":{"line":4,"column":0},"end":{"line":4,"column":13}}},"fnMap":{},"branchMap":{},"s":{"0":0,"1":0,"2":0},"f":{},"b":{}}
,"E:\\Agustin Sau\\Facultad\\CEPIT\\2025\\Progra\\Seg Cuatri\\react\\JestOlavaEntregable\\src\\notebooks\\entities\\notebook.entity.ts": {"path":"E:\\Agustin Sau\\Facultad\\CEPIT\\2025\\Progra\\Seg Cuatri\\react\\JestOlavaEntregable\\src\\notebooks\\entities\\notebook.entity.ts","statementMap":{"0":{"start":{"line":2,"column":0},"end":{"line":2,"column":65}},"1":{"start":{"line":5,"column":7},"end":{"line":14,"column":null}},"2":{"start":{"line":5,"column":13},"end":{"line":5,"column":21}},"3":{"start":{"line":7,"column":2},"end":{"line":7,"column":null}},"4":{"start":{"line":10,"column":2},"end":{"line":10,"column":null}},"5":{"start":{"line":13,"column":2},"end":{"line":13,"column":null}},"6":{"start":{"line":5,"column":13},"end":{"line":14,"column":null}}},"fnMap":{},"branchMap":{},"s":{"0":2,"1":2,"2":2,"3":2,"4":2,"5":2,"6":2},"f":{},"b":{}}
}
